c MPI Version 3.1
cfg filename_cnf_formula: data/three_color_gnp_50vertices_p0.092_seed37_cnfgen.cnf
cfg filename_resolvents: data/three_color_gnp_50vertices_p0.092_seed37_cnfgen.resolvents
cfg data_directory: out/three_color_gnp_50vertices_p0.092_seed37_cnfgen/
cfg num_reference_chains: 1
cfg num_markov_chains: 4
cfg markov_chain_offset: 0
cfg markov_chain_target_length: 10
cfg mcmc_T: 30
num_reference_chains: 1
c parent node 2 / 4 has workgroup rank 2 / 4 in workgoup 1 / 1
c parent node 3 / 4 has workgroup rank 3 / 4 in workgoup 1 / 1
c parent node 4 / 4 has workgroup rank 4 / 4 in workgoup 1 / 1
c parent node 1 / 4 has workgroup rank 1 / 4 in workgoup 1 / 1
c reading seed
c global seed: 2261783262...
c work group 0 has 4 markov chains at id 0 (offset 0)
c markov chain 0 with seed    3456462235...	(on workgroup 0)
c markov chain 1 with seed    3273686477...	(on workgroup 0)
c markov chain 2 with seed    3056390389...	(on workgroup 0)
c markov chain 3 with seed    1453189013...	(on workgroup 0)
mc 0 iteration 1 value 1303.6 accepted 1303.6
mc 0 iteration 2 value 1323.83 accepted 1323.83
mc 3 iteration 1 value 7347.45 accepted 7347.45
mc 3 iteration 2 value 7195.84 accepted 7195.84
mc 2 iteration 1 value 9343.72 accepted 9343.72
mc 2 iteration 2 value 7503.81 accepted 7503.81
mc 1 iteration 1 value 4327.88 accepted 4327.88
mc 1 iteration 2 value 4327.88 declined 4609.78
mc 0 iteration 3 value 1310.81 declined 1354.43
mc 3 iteration 3 value 6760.72 accepted 6760.72
mc 2 iteration 3 value 7503.81 declined 7671.27
mc 1 iteration 3 value 4327.88 declined 4704.14
mc 0 iteration 4 value 1324.61 accepted 1324.61
mc 3 iteration 4 value 6760.72 declined 7306.97
mc 2 iteration 4 value 7503.81 declined 9892.91
mc 1 iteration 4 value 4327.88 declined 4442.32
mc 0 iteration 5 value 1311.82 accepted 1311.82
mc 3 iteration 5 value 6760.72 declined 7777.49
mc 2 iteration 5 value 7503.81 declined 8574.1
mc 1 iteration 5 value 3995.57 accepted 3995.57
mc 0 iteration 6 value 1272.21 accepted 1272.21
mc 3 iteration 6 value 6760.72 declined 7960.57
mc 2 iteration 6 value 7503.81 declined 9684.44
mc 1 iteration 6 value 3912.8 accepted 3912.8
mc 0 iteration 7 value 1349.35 accepted 1349.35
mc 3 iteration 7 value 6760.72 declined 7780.36
mc 2 iteration 7 value 7503.81 declined 9501.53
mc 1 iteration 7 value 3912.8 declined 4426.78
mc 0 iteration 8 value 1261.64 accepted 1261.64
mc 3 iteration 8 value 6760.72 declined 8550.04
mc 2 iteration 8 value 7503.81 declined 8590.96
mc 1 iteration 8 value 3912.8 declined 5019.35
mc 0 iteration 9 value 1261.64 declined 1321.85
mc 3 iteration 9 value 6476.36 accepted 6476.36
mc 2 iteration 9 value 7503.81 declined 9099.77
mc 1 iteration 9 value 3912.8 declined 4477.99
mc 0 iteration 10 value 1310.52 accepted 1310.52
mc 3 iteration 10 value 6464.5 accepted 6464.5
mc 2 iteration 10 value 7503.81 declined 8760.26
mc 1 iteration 10 value 3912.8 declined 4669.14
wg 0 is done running
c duration: 199025 milliseconds
c duration: 199021 milliseconds
c init: 38 ms, work: 198983 ms with 89.18 % efficiency
c duration: 199022 milliseconds
c init: 39 ms, work: 198983 ms with 89.23 % efficiency
c duration: 199022 milliseconds
c init: 39 ms, work: 198983 ms with 89.22 % efficiency
